\BOOKMARK [0][-]{part.1}{\376\377\000I\000\040\000T\000h\000e\000\040\000C\000o\000r\000e\000\040\000A\000l\000g\000o\000r\000i\000t\000h\000m}{}% 1
\BOOKMARK [1][-]{section.1}{\376\377\000O\000v\000e\000r\000v\000i\000e\000w\000\040\000a\000n\000d\000\040\000A\000l\000g\000o\000r\000i\000t\000h\000m\000i\000c\000\040\000C\000h\000a\000l\000l\000e\000n\000g\000e\000s}{part.1}% 2
\BOOKMARK [1][-]{section.2}{\376\377\000M\000o\000d\000u\000l\000e\000\040\000H\000i\000e\000r\000a\000r\000c\000h\000y}{part.1}% 3
\BOOKMARK [1][-]{section.3}{\376\377\000P\000a\000r\000a\000m\000e\000t\000e\000r\000\040\000T\000a\000x\000o\000n\000o\000m\000y\000\040\000a\000n\000d\000\040\000C\000o\000d\000e\000\040\000E\000q\000u\000i\000v\000a\000l\000e\000n\000c\000e}{part.1}% 4
\BOOKMARK [2][-]{subsection.3.1}{\376\377\000N\000u\000m\000e\000r\000i\000c\000a\000l\000\040\000p\000a\000r\000a\000m\000e\000t\000e\000r\000s\000\040\000o\000f\000\040\000t\000h\000e\000\040\000c\000o\000r\000e\000\040\000a\000l\000g\000o\000r\000i\000t\000h\000m}{section.3}% 5
\BOOKMARK [2][-]{subsection.3.2}{\376\377\000A\000l\000g\000o\000r\000i\000t\000h\000m\040\023\000t\000o\040\023\000c\000o\000d\000e\000\040\000c\000o\000r\000r\000e\000s\000p\000o\000n\000d\000e\000n\000c\000e}{section.3}% 6
\BOOKMARK [1][-]{section.4}{\376\377\000M\000a\000t\000h\000e\000m\000a\000t\000i\000c\000a\000l\000\040\000P\000r\000e\000l\000i\000m\000i\000n\000a\000r\000i\000e\000s}{part.1}% 7
\BOOKMARK [2][-]{subsection.4.1}{\376\377\000T\000h\000e\000\040\000d\000i\000a\000g\000o\000n\000a\000l\000l\000y\000\040\000e\000q\000u\000i\000l\000i\000b\000r\000a\000t\000e\000d\000\040\000m\000e\000r\000i\000t\000\040\000f\000u\000n\000c\000t\000i\000o\000n}{section.4}% 8
\BOOKMARK [2][-]{subsection.4.2}{\376\377\000T\000h\000e\000\040\000G\000a\000u\000s\000s\040\023\000N\000e\000w\000t\000o\000n\000\040\000d\000i\000r\000e\000c\000t\000i\000o\000n\000a\000l\000-\000d\000e\000r\000i\000v\000a\000t\000i\000v\000e\000\040\000i\000d\000e\000n\000t\000i\000t\000y}{section.4}% 9
\BOOKMARK [1][-]{section.5}{\376\377\000T\000h\000e\000\040\000T\000o\000p\000:\000\040\000A\000l\000g\000o\000r\000i\000t\000h\000m\000\040\000O\000\040\000\050\000O\000r\000c\000h\000e\000s\000t\000r\000a\000t\000o\000r\000\051}{part.1}% 10
\BOOKMARK [1][-]{section.6}{\376\377\000T\000h\000e\000\040\000s\000h\000a\000r\000e\000d\000\040\000c\000a\000s\000c\000a\000d\000e\000:\000\040\000A\000l\000g\000o\000r\000i\000t\000h\000m\000\040\000B\000\040\000\050\000R\000o\000b\000u\000s\000t\000N\000o\000n\000l\000i\000n\000e\000a\000r\000C\000a\000s\000c\000a\000d\000e\000\051}{part.1}% 11
\BOOKMARK [1][-]{section.7}{\376\377\000T\000h\000e\000\040\000N\000e\000w\000t\000o\000n\000\040\000K\000e\000r\000n\000e\000l\000:\000\040\000A\000l\000g\000o\000r\000i\000t\000h\000m\000\040\000A\000\040\000a\000n\000d\000\040\000I\000t\000s\000\040\000L\000e\000a\000v\000e\000s}{part.1}% 12
\BOOKMARK [2][-]{subsection.7.1}{\376\377\000A\000l\000g\000o\000r\000i\000t\000h\000m\000\040\000A\000:\000\040\000E\000x\000a\000c\000t\000N\000e\000w\000t\000o\000n\000P\000i\000p\000e\000l\000i\000n\000e}{section.7}% 13
\BOOKMARK [2][-]{subsection.7.2}{\376\377\000A\000l\000g\000o\000r\000i\000t\000h\000m\000\040\000A\000.\0001\000:\000\040\000S\000o\000l\000v\000e\000L\000i\000n\000e\000a\000r\000S\000y\000s\000t\000e\000m}{section.7}% 14
\BOOKMARK [2][-]{subsection.7.3}{\376\377\000A\000l\000g\000o\000r\000i\000t\000h\000m\000\040\000A\000.\0002\000:\000\040\000A\000r\000m\000i\000j\000o\000L\000i\000n\000e\000s\000e\000a\000r\000c\000h}{section.7}% 15
\BOOKMARK [2][-]{subsection.7.4}{\376\377\000A\000l\000g\000o\000r\000i\000t\000h\000m\000\040\000A\000.\0003\000:\000\040\000E\000v\000a\000l\000u\000a\000t\000e\000S\000a\000f\000e\000g\000u\000a\000r\000d\000s}{section.7}% 16
\BOOKMARK [1][-]{section.8}{\376\377\000S\000t\000a\000g\000e\000\040\000I\000I\000:\000\040\000A\000l\000g\000o\000r\000i\000t\000h\000m\000\040\000C\000\040\000\050\000O\000S\000G\000S\000F\000r\000a\000c\000t\000i\000o\000n\000a\000l\000R\000e\000l\000a\000x\000a\000t\000i\000o\000n\000\051}{part.1}% 17
\BOOKMARK [2][-]{subsection.8.1}{\376\377\000S\000t\000a\000t\000e\000\040\000d\000r\000i\000f\000t\000:\000\040\000L\000i\000n\000f\000\040\000v\000s\000\040\000L\0002}{section.8}% 18
\BOOKMARK [2][-]{subsection.8.2}{\376\377\000P\000r\000o\000j\000e\000c\000t\000i\000o\000n\000\040\000d\000r\000i\000f\000t\000\040\000i\000n\000\040\000t\000h\000e\000\040\000m\000a\000s\000s\000-\000w\000e\000i\000g\000h\000t\000e\000d\000\040\000i\000n\000n\000e\000r\000\040\000p\000r\000o\000d\000u\000c\000t}{section.8}% 19
\BOOKMARK [2][-]{subsection.8.3}{\376\377\000C\000h\000o\000o\000s\000i\000n\000g\000\040\000t\000h\000e\000\040\000s\000t\000o\000p\000p\000i\000n\000g\000\040\000m\000o\000d\000e}{section.8}% 20
\BOOKMARK [2][-]{subsection.8.4}{\376\377\000B\000o\000o\000t\000s\000t\000r\000a\000p\000,\000\040\000m\000a\000s\000s\000-\000m\000a\000t\000r\000i\000x\000\040\000p\000r\000e\000-\000f\000a\000c\000t\000o\000r\000i\000n\000g\000,\000\040\000a\000n\000d\000\040\000w\000a\000r\000m\000u\000p}{section.8}% 21
\BOOKMARK [2][-]{subsection.8.5}{\376\377\000P\000r\000o\000j\000e\000c\000t\000i\000o\000n\000\040\000p\000o\000l\000i\000c\000y\000\040\000a\000n\000d\000\040\000t\000h\000e\000\040\000c\000o\000n\000s\000t\000a\000n\000t\000-\000\040\000t\000r\000i\000m}{section.8}% 22
\BOOKMARK [2][-]{subsection.8.6}{\376\377\000B\000l\000o\000c\000k\000-\000w\000i\000s\000e\000\040\000A\000n\000d\000e\000r\000s\000o\000n\000\040\000a\000c\000c\000e\000l\000e\000r\000a\000t\000i\000o\000n}{section.8}% 23
\BOOKMARK [2][-]{subsection.8.7}{\376\377\000F\000a\000i\000l\000u\000r\000e\000\040\000o\000f\000\040\000t\000h\000e\000\040\000i\000n\000n\000e\000r\000\040\000c\000a\000s\000c\000a\000d\000e}{section.8}% 24
\BOOKMARK [1][-]{section.9}{\376\377\000C\000o\000n\000v\000e\000r\000g\000e\000n\000c\000e\000-\000A\000n\000a\000l\000y\000s\000i\000s\000\040\000N\000o\000t\000e\000s}{part.1}% 25
\BOOKMARK [2][-]{subsection.9.1}{\376\377\000T\000h\000e\000\040\000f\000a\000l\000s\000e\000-\000e\000q\000u\000i\000v\000a\000l\000e\000n\000c\000y\000\040\000f\000a\000i\000l\000s\000a\000f\000e}{section.9}% 26
\BOOKMARK [2][-]{subsection.9.2}{\376\377\000W\000h\000y\000\040\000t\000h\000e\000\040\000O\000S\000G\000S\000\040\000s\000t\000o\000p\000p\000i\000n\000g\000\040\000m\000o\000d\000e\000\040\000m\000a\000t\000t\000e\000r\000s}{section.9}% 27
\BOOKMARK [1][-]{appendix.A}{\376\377\000C\000o\000d\000e\040\023\000N\000o\000t\000a\000t\000i\000o\000n\000\040\000C\000o\000r\000r\000e\000s\000p\000o\000n\000d\000e\000n\000c\000e}{part.1}% 28
\BOOKMARK [0][-]{part.2}{\376\377\000I\000I\000\040\000O\000p\000t\000i\000o\000n\000a\000l\000\040\000E\000x\000t\000e\000n\000s\000i\000o\000n\000s}{}% 29
\BOOKMARK [1][-]{appendix.B}{\376\377\000E\000x\000t\000e\000n\000s\000i\000o\000n\000\040\000H\000i\000e\000r\000a\000r\000c\000h\000y}{part.2}% 30
\BOOKMARK [1][-]{appendix.C}{\376\377\000M\000e\000t\000h\000o\000d\000\040\000o\000f\000\040\000M\000a\000n\000u\000f\000a\000c\000t\000u\000r\000e\000d\000\040\000S\000o\000l\000u\000t\000i\000o\000n\000s\000\040\000P\000l\000a\000t\000e\000a\000u\000\040\000V\000e\000r\000i\000f\000i\000e\000r}{part.2}% 31
\BOOKMARK [2][-]{subsection.C.1}{\376\377\000W\000h\000e\000n\000\040\000t\000h\000i\000s\000\040\000e\000x\000t\000e\000n\000s\000i\000o\000n\000\040\000f\000i\000r\000e\000s}{appendix.C}% 32
\BOOKMARK [2][-]{subsection.C.2}{\376\377\000N\000u\000m\000e\000r\000i\000c\000a\000l\000\040\000v\000e\000r\000s\000u\000s\000\040\000d\000i\000s\000c\000r\000e\000t\000i\000s\000a\000t\000i\000o\000n\000\040\000c\000o\000n\000v\000e\000r\000g\000e\000n\000c\000e}{appendix.C}% 33
\BOOKMARK [2][-]{subsection.C.3}{\376\377\000A\000l\000g\000o\000r\000i\000t\000h\000m\000\040\000D\000\040\000a\000n\000d\000\040\000i\000t\000s\000\040\000i\000n\000t\000e\000r\000f\000a\000c\000e}{appendix.C}% 34
\BOOKMARK [2][-]{subsection.C.4}{\376\377\000H\000o\000w\000\040\000A\000l\000g\000o\000r\000i\000t\000h\000m\000\040\000D\000\040\000h\000o\000o\000k\000s\000\040\000i\000n\000t\000o\000\040\000t\000h\000e\000\040\000c\000o\000r\000e}{appendix.C}% 35
\BOOKMARK [2][-]{subsection.C.5}{\376\377\000P\000a\000r\000a\000m\000e\000t\000e\000r\000s\000\040\000o\000f\000\040\000t\000h\000i\000s\000\040\000e\000x\000t\000e\000n\000s\000i\000o\000n}{appendix.C}% 36
\BOOKMARK [1][-]{appendix.D}{\376\377\000P\000a\000r\000a\000m\000e\000t\000e\000r\000-\000S\000w\000e\000e\000p\000\040\000H\000a\000r\000n\000e\000s\000s\000\040\000A\000d\000a\000p\000t\000a\000t\000i\000o\000n\000s}{part.2}% 37
\BOOKMARK [2][-]{subsection.D.1}{\376\377\000W\000h\000e\000n\000\040\000t\000h\000i\000s\000\040\000e\000x\000t\000e\000n\000s\000i\000o\000n\000\040\000f\000i\000r\000e\000s}{appendix.D}% 38
\BOOKMARK [2][-]{subsection.D.2}{\376\377\000A\000d\000a\000p\000t\000i\000v\000e\000\040\000f\000t\000o\000l}{appendix.D}% 39
\BOOKMARK [2][-]{subsection.D.3}{\376\377\000A\000d\000a\000p\000t\000i\000v\000e\000\040\000n\000o\000i\000s\000e\000\040\000f\000l\000o\000o\000r}{appendix.D}% 40
\BOOKMARK [2][-]{subsection.D.4}{\376\377\000P\000e\000r\000-\000c\000a\000s\000e\000\040\000P\000i\000c\000a\000r\000d\000\040\000w\000i\000d\000e\000n\000i\000n\000g}{appendix.D}% 41
\BOOKMARK [2][-]{subsection.D.5}{\376\377\000P\000a\000r\000a\000m\000e\000t\000e\000r\000s\000\040\000o\000f\000\040\000t\000h\000i\000s\000\040\000e\000x\000t\000e\000n\000s\000i\000o\000n}{appendix.D}% 42
